<?xml version="1.0" encoding="UTF-8"?>
<!-- Generated by org.testng.reporters.JUnitReportReporter -->
<testsuite hostname="MC-2DW00GMD6N" failures="0" tests="2" name="test" time="2.156" errors="0" timestamp="2023-09-24T16:24:53 EET" skipped="0">
  <testcase classname="test" name="testPOSTRequest" time="0.321"/>
  <system-out/>
  <testcase classname="test" name="testGetRequest" time="1.835"/>
  <system-out/>
</testsuite> <!-- test -->
